{
  "level": "error",
  "message": "Failed to connect to the database, attempt 1/10: failed to connect to `host=/private/tmp user=swanhtet1aungphyo database=`: dial error (dial unix /private/tmp/.s.PGSQL.5432: connect: no such file or directory)",
  "time": "2025-05-08 16:23:25"
}
{
  "level": "error",
  "message": "Failed to connect to the database, attempt 2/10: failed to connect to `host=/private/tmp user=swanhtet1aungphyo database=`: dial error (dial unix /private/tmp/.s.PGSQL.5432: connect: no such file or directory)",
  "time": "2025-05-08 16:23:27"
}
{
  "level": "error",
  "message": "Failed to connect to the database, attempt 1/10: failed to connect to `host=/private/tmp user=swanhtet1aungphyo database=`: dial error (dial unix /private/tmp/.s.PGSQL.5432: connect: no such file or directory)",
  "time": "2025-05-08 16:23:52"
}
{
  "level": "error",
  "message": "Failed to connect to the database, attempt 2/10: failed to connect to `host=/private/tmp user=swanhtet1aungphyo database=`: dial error (dial unix /private/tmp/.s.PGSQL.5432: connect: no such file or directory)",
  "time": "2025-05-08 16:23:54"
}
{
  "level": "error",
  "message": "Failed to connect to the database, attempt 3/10: failed to connect to `host=/private/tmp user=swanhtet1aungphyo database=`: dial error (dial unix /private/tmp/.s.PGSQL.5432: connect: no such file or directory)",
  "time": "2025-05-08 16:23:56"
}
{
  "level": "error",
  "message": "Failed to connect to the database, attempt 4/10: failed to connect to `host=/private/tmp user=swanhtet1aungphyo database=`: dial error (dial unix /private/tmp/.s.PGSQL.5432: connect: no such file or directory)",
  "time": "2025-05-08 16:23:58"
}
{
  "level": "error",
  "message": "Failed to connect to the database, attempt 5/10: failed to connect to `host=/private/tmp user=swanhtet1aungphyo database=`: dial error (dial unix /private/tmp/.s.PGSQL.5432: connect: no such file or directory)",
  "time": "2025-05-08 16:24:00"
}
{
  "level": "error",
  "message": "Failed to connect to the database, attempt 6/10: failed to connect to `host=/private/tmp user=swanhtet1aungphyo database=`: dial error (dial unix /private/tmp/.s.PGSQL.5432: connect: no such file or directory)",
  "time": "2025-05-08 16:24:02"
}
{
  "level": "error",
  "message": "Failed to connect to the database, attempt 1/10: failed to connect to `host=/private/tmp user=swanhtet1aungphyo database=`: dial error (dial unix /private/tmp/.s.PGSQL.5432: connect: no such file or directory)",
  "time": "2025-05-08 16:24:42"
}
{
  "level": "error",
  "message": "Failed to connect to the database, attempt 2/10: failed to connect to `host=/private/tmp user=swanhtet1aungphyo database=`: dial error (dial unix /private/tmp/.s.PGSQL.5432: connect: no such file or directory)",
  "time": "2025-05-08 16:24:44"
}
{
  "level": "error",
  "message": "Failed to connect to the database, attempt 3/10: failed to connect to `host=/private/tmp user=swanhtet1aungphyo database=`: dial error (dial unix /private/tmp/.s.PGSQL.5432: connect: no such file or directory)",
  "time": "2025-05-08 16:24:46"
}
{
  "level": "error",
  "message": "Failed to connect to the database, attempt 4/10: failed to connect to `host=/private/tmp user=swanhtet1aungphyo database=`: dial error (dial unix /private/tmp/.s.PGSQL.5432: connect: no such file or directory)",
  "time": "2025-05-08 16:24:48"
}
{
  "level": "error",
  "message": "Failed to connect to the database, attempt 1/10: failed to connect to `host=/private/tmp user=swanhtet1aungphyo database=`: dial error (dial unix /private/tmp/.s.PGSQL.5432: connect: no such file or directory)",
  "time": "2025-05-08 16:25:03"
}
{
  "level": "error",
  "message": "Failed to connect to the database, attempt 1/10: failed to connect to `host=/private/tmp user=swanhtet1aungphyo database=`: dial error (dial unix /private/tmp/.s.PGSQL.5432: connect: no such file or directory)",
  "time": "2025-05-08 16:25:43"
}
{
  "level": "error",
  "message": "Failed to connect to the database, attempt 2/10: failed to connect to `host=/private/tmp user=swanhtet1aungphyo database=`: dial error (dial unix /private/tmp/.s.PGSQL.5432: connect: no such file or directory)",
  "time": "2025-05-08 16:25:45"
}
{
  "level": "error",
  "message": "Failed to connect to the database, attempt 1/10: failed to connect to `host=/private/tmp user=swanhtet1aungphyo database=`: dial error (dial unix /private/tmp/.s.PGSQL.5432: connect: no such file or directory)",
  "time": "2025-05-08 16:25:55"
}
{
  "level": "info",
  "message": "application started",
  "time": "2025-05-08 16:28:23"
}
{
  "level": "info",
  "message": "application started",
  "time": "2025-05-08 16:28:54"
}
{
  "level": "info",
  "message": "application started",
  "time": "2025-05-08 16:56:50"
}
{
  "level": "info",
  "message": "application started",
  "time": "2025-05-08 16:57:12"
}
{
  "level": "info",
  "message": "application started",
  "time": "2025-05-08 16:57:30"
}
{
  "level": "info",
  "message": "application started",
  "time": "2025-05-08 16:57:43"
}
{
  "level": "info",
  "message": "application started",
  "time": "2025-05-08 16:57:44"
}
{
  "level": "info",
  "message": "application started",
  "time": "2025-05-08 16:57:45"
}
{
  "level": "info",
  "message": "application started",
  "time": "2025-05-08 16:57:46"
}
{
  "level": "info",
  "message": "application started",
  "time": "2025-05-08 16:57:46"
}
{
  "level": "info",
  "message": "application started",
  "time": "2025-05-08 16:58:31"
}
{
  "level": "info",
  "message": "application started",
  "time": "2025-05-08 16:59:02"
}
{
  "level": "info",
  "message": "application started",
  "time": "2025-05-08 16:59:35"
}
{
  "level": "info",
  "message": "application started",
  "time": "2025-05-08 17:05:46"
}
{
  "error": "ERROR: relation \"user_table\" does not exist (SQLSTATE 42P01)",
  "level": "error",
  "message": "Failed to auto migrate modelsERROR: relation \"user_table\" does not exist (SQLSTATE 42P01)",
  "time": "2025-05-08 17:11:28"
}
{
  "error": "ERROR: there is no unique constraint matching given keys for referenced table \"user_table\" (SQLSTATE 42830)",
  "level": "error",
  "message": "Failed to auto migrate modelsERROR: there is no unique constraint matching given keys for referenced table \"user_table\" (SQLSTATE 42830)",
  "time": "2025-05-08 17:11:51"
}
{
  "error": "ERROR: there is no unique constraint matching given keys for referenced table \"user_table\" (SQLSTATE 42830)",
  "level": "error",
  "message": "Failed to auto migrate modelsERROR: there is no unique constraint matching given keys for referenced table \"user_table\" (SQLSTATE 42830)",
  "time": "2025-05-08 17:13:07"
}
{
  "error": "ERROR: there is no unique constraint matching given keys for referenced table \"user_table\" (SQLSTATE 42830)",
  "level": "error",
  "message": "Failed to auto migrate modelsERROR: there is no unique constraint matching given keys for referenced table \"user_table\" (SQLSTATE 42830)",
  "time": "2025-05-08 17:13:31"
}
{
  "error": "ERROR: relation \"role_table\" does not exist (SQLSTATE 42P01)",
  "level": "error",
  "message": "Failed to auto migrate modelsERROR: relation \"role_table\" does not exist (SQLSTATE 42P01)",
  "time": "2025-05-08 17:13:54"
}
{
  "error": "ERROR: relation \"role_table\" does not exist (SQLSTATE 42P01)",
  "level": "error",
  "message": "Failed to auto migrate modelsERROR: relation \"role_table\" does not exist (SQLSTATE 42P01)",
  "time": "2025-05-08 17:14:32"
}
{
  "error": "ERROR: relation \"role_table\" does not exist (SQLSTATE 42P01)",
  "level": "error",
  "message": "Failed to auto migrate modelsERROR: relation \"role_table\" does not exist (SQLSTATE 42P01)",
  "time": "2025-05-08 17:15:32"
}
{
  "error": "ERROR: relation \"role_table\" does not exist (SQLSTATE 42P01)",
  "level": "error",
  "message": "Failed to auto migrate models",
  "time": "2025-05-08 17:15:55"
}
{
  "error": "ERROR: relation \"role_table\" does not exist (SQLSTATE 42P01)",
  "level": "error",
  "message": "Failed to auto migrate models",
  "time": "2025-05-08 17:16:13"
}
{
  "error": "ERROR: relation \"role_table\" does not exist (SQLSTATE 42P01)",
  "level": "error",
  "message": "Failed to migrate Role model",
  "time": "2025-05-08 17:17:27"
}
{
  "level": "info",
  "message": "Migrating Role table first",
  "time": "2025-05-08 17:18:45"
}
{
  "error": "ERROR: relation \"role_table\" does not exist (SQLSTATE 42P01)",
  "level": "error",
  "message": "Failed to migrate Role model",
  "time": "2025-05-08 17:18:45"
}
{
  "level": "info",
  "message": "Migrating Role table first",
  "time": "2025-05-08 17:20:48"
}
{
  "error": "ERROR: relation \"role_table\" does not exist (SQLSTATE 42P01)",
  "level": "error",
  "message": "Failed to migrate Role model",
  "time": "2025-05-08 17:20:48"
}
{
  "level": "info",
  "message": "Migrating Role table first",
  "time": "2025-05-08 17:21:45"
}
{
  "error": "ERROR: relation \"user_table\" does not exist (SQLSTATE 42P01)",
  "level": "error",
  "message": "Failed to create Role table",
  "time": "2025-05-08 17:21:45"
}
{
  "level": "info",
  "message": "Migrating Role table first",
  "time": "2025-05-08 17:22:47"
}
{
  "level": "info",
  "message": "Migrating User table second",
  "time": "2025-05-08 17:22:47"
}
{
  "level": "info",
  "message": "Migration completed successfully",
  "time": "2025-05-08 17:22:47"
}
{
  "level": "info",
  "message": "application started",
  "time": "2025-05-08 17:22:47"
}
{
  "level": "info",
  "message": "Migrating Role table first",
  "time": "2025-05-08 17:23:46"
}
{
  "error": "ERROR: relation \"role_table\" already exists (SQLSTATE 42P07)",
  "level": "error",
  "message": "Failed to create Role table",
  "time": "2025-05-08 17:23:46"
}
{
  "level": "info",
  "message": "Migrating Role table first",
  "time": "2025-05-08 17:24:34"
}
{
  "level": "info",
  "message": "Migrating User table second",
  "time": "2025-05-08 17:24:34"
}
{
  "level": "info",
  "message": "Migration completed successfully",
  "time": "2025-05-08 17:24:34"
}
{
  "level": "info",
  "message": "Dropping Role table first",
  "time": "2025-05-08 17:24:34"
}
{
  "level": "info",
  "message": "Dropping User table second",
  "time": "2025-05-08 17:24:34"
}
{
  "level": "info",
  "message": "application started",
  "time": "2025-05-08 17:24:34"
}
{
  "level": "info",
  "message": "Migrating Role table first",
  "time": "2025-05-08 20:11:03"
}
{
  "level": "info",
  "message": "Migrating User table second",
  "time": "2025-05-08 20:11:03"
}
{
  "level": "info",
  "message": "Migration completed successfully",
  "time": "2025-05-08 20:11:03"
}
{
  "level": "info",
  "message": "Dropping Role table first",
  "time": "2025-05-08 20:11:03"
}
{
  "level": "info",
  "message": "Dropping User table second",
  "time": "2025-05-08 20:11:03"
}
{
  "level": "info",
  "message": "application started",
  "time": "2025-05-08 20:11:03"
}
{
  "level": "info",
  "message": "Migrating Role table first",
  "time": "2025-05-08 20:12:42"
}
{
  "level": "info",
  "message": "Migrating User table second",
  "time": "2025-05-08 20:12:42"
}
{
  "level": "info",
  "message": "Migration completed successfully",
  "time": "2025-05-08 20:12:42"
}
{
  "level": "info",
  "message": "Dropping Role table first",
  "time": "2025-05-08 20:12:42"
}
{
  "level": "info",
  "message": "Dropping User table second",
  "time": "2025-05-08 20:12:42"
}
{
  "level": "info",
  "message": "application started",
  "time": "2025-05-08 20:12:42"
}
{
  "email": "john.doe@example.com",
  "level": "info",
  "message": "Attempting user registration",
  "time": "2025-05-08 20:13:03"
}
{
  "error": "ERROR: relation \"user_table\" does not exist (SQLSTATE 42P01)",
  "level": "error",
  "message": "failed to get user by email",
  "time": "2025-05-08 20:13:04"
}
{
  "level": "error",
  "message": "Resend API key not configured",
  "time": "2025-05-08 20:13:04"
}
{
  "error": "ERROR: relation \"role_table\" does not exist (SQLSTATE 42P01)",
  "level": "error",
  "message": "failed to get role by name",
  "time": "2025-05-08 20:13:04"
}
{
  "error": "ERROR: relation \"role_table\" does not exist (SQLSTATE 42P01)",
  "level": "error",
  "message": "failed to get role",
  "time": "2025-05-08 20:13:04"
}
{
  "error": "ERROR: relation \"role_table\" does not exist (SQLSTATE 42P01)",
  "level": "error",
  "message": "Failed to create user in database",
  "time": "2025-05-08 20:13:04"
}
{
  "level": "info",
  "message": "Migrating Role table first",
  "time": "2025-05-08 20:15:19"
}
{
  "level": "info",
  "message": "Migrating User table second",
  "time": "2025-05-08 20:15:19"
}
{
  "level": "info",
  "message": "Migration completed successfully",
  "time": "2025-05-08 20:15:19"
}
{
  "level": "info",
  "message": "Dropping Role table first",
  "time": "2025-05-08 20:15:19"
}
{
  "level": "info",
  "message": "Dropping User table second",
  "time": "2025-05-08 20:15:19"
}
{
  "level": "info",
  "message": "application started",
  "time": "2025-05-08 20:15:19"
}
{
  "email": "john.doe@example.com",
  "level": "info",
  "message": "Attempting user registration",
  "time": "2025-05-08 20:15:26"
}
{
  "error": "ERROR: relation \"user_table\" does not exist (SQLSTATE 42P01)",
  "level": "error",
  "message": "failed to get user by email",
  "time": "2025-05-08 20:15:26"
}
{
  "level": "error",
  "message": "Resend API key not configured",
  "time": "2025-05-08 20:15:26"
}
{
  "error": "ERROR: relation \"role_table\" does not exist (SQLSTATE 42P01)",
  "level": "error",
  "message": "failed to get role by name",
  "time": "2025-05-08 20:15:26"
}
{
  "error": "ERROR: relation \"role_table\" does not exist (SQLSTATE 42P01)",
  "level": "error",
  "message": "failed to get role",
  "time": "2025-05-08 20:15:26"
}
{
  "error": "ERROR: relation \"role_table\" does not exist (SQLSTATE 42P01)",
  "level": "error",
  "message": "Failed to create user in database",
  "time": "2025-05-08 20:15:26"
}
{
  "level": "info",
  "message": "Migrating Role table first",
  "time": "2025-05-08 20:16:47"
}
{
  "level": "info",
  "message": "Migrating User table second",
  "time": "2025-05-08 20:16:47"
}
{
  "level": "info",
  "message": "Migration completed successfully",
  "time": "2025-05-08 20:16:47"
}
{
  "level": "info",
  "message": "Dropping Role table first",
  "time": "2025-05-08 20:16:47"
}
{
  "level": "info",
  "message": "Dropping User table second",
  "time": "2025-05-08 20:16:47"
}
{
  "level": "info",
  "message": "application started",
  "time": "2025-05-08 20:16:47"
}
{
  "email": "john.doe@example.com",
  "level": "info",
  "message": "Attempting user registration",
  "time": "2025-05-08 20:16:51"
}
{
  "error": "ERROR: relation \"user_table\" does not exist (SQLSTATE 42P01)",
  "level": "error",
  "message": "failed to get user by email",
  "time": "2025-05-08 20:16:51"
}
{
  "level": "error",
  "message": "Resend API key not configured",
  "time": "2025-05-08 20:16:51"
}
{
  "error": "ERROR: relation \"user_table\" does not exist (SQLSTATE 42P01)",
  "level": "error",
  "message": "failed to get user by email",
  "time": "2025-05-08 20:16:51"
}
{
  "error": "ERROR: relation \"role_table\" does not exist (SQLSTATE 42P01)",
  "level": "error",
  "message": "failed to get/create role",
  "time": "2025-05-08 20:16:51"
}
{
  "error": "ERROR: relation \"role_table\" does not exist (SQLSTATE 42P01)",
  "level": "error",
  "message": "Failed to create user in database",
  "time": "2025-05-08 20:16:51"
}
{
  "level": "info",
  "message": "Migrating Role table first",
  "time": "2025-05-08 20:17:18"
}
{
  "level": "info",
  "message": "Migrating User table second",
  "time": "2025-05-08 20:17:18"
}
{
  "level": "info",
  "message": "Migration completed successfully",
  "time": "2025-05-08 20:17:18"
}
{
  "level": "info",
  "message": "application started",
  "time": "2025-05-08 20:17:18"
}
{
  "email": "john.doe@example.com",
  "level": "info",
  "message": "Attempting user registration",
  "time": "2025-05-08 20:18:07"
}
{
  "level": "error",
  "message": "Resend API key not configured",
  "time": "2025-05-08 20:18:07"
}
{
  "error": "user already exists",
  "level": "error",
  "message": "Failed to create user in database",
  "time": "2025-05-08 20:18:07"
}
{
  "email": "swanhtetaungp@gmail.com",
  "level": "info",
  "message": "Attempting user registration",
  "time": "2025-05-08 20:18:26"
}
{
  "level": "error",
  "message": "Resend API key not configured",
  "time": "2025-05-08 20:18:26"
}
{
  "error": "user already exists",
  "level": "error",
  "message": "Failed to create user in database",
  "time": "2025-05-08 20:18:26"
}
{
  "email": "swanhtetaungp@gmail.com",
  "level": "info",
  "message": "Attempting user registration",
  "time": "2025-05-08 20:18:45"
}
{
  "level": "error",
  "message": "Resend API key not configured",
  "time": "2025-05-08 20:18:45"
}
{
  "error": "user already exists",
  "level": "error",
  "message": "Failed to create user in database",
  "time": "2025-05-08 20:18:45"
}
{
  "level": "info",
  "message": "application started",
  "time": "2025-05-08 20:23:12"
}
{
  "email": "swanhtetaungp@gmail.com",
  "level": "info",
  "message": "Attempting user registration",
  "time": "2025-05-08 20:23:16"
}
{
  "error": "user already exists",
  "level": "error",
  "message": "Failed to create user in database",
  "time": "2025-05-08 20:23:17"
}
{
  "email": "swanhtetaungp@gmail.com",
  "error": "[ERROR]: The yourapp.com domain is not verified. Please, add and verify your domain on https://resend.com/domains",
  "level": "error",
  "message": "Failed to send verification email",
  "time": "2025-05-08 20:23:17"
}
{
  "level": "error",
  "message": "Failed to connect to the database, attempt 1/10: failed to connect to `host=localhost user=postgres database=postgres`: dial error (dial tcp 127.0.0.1:5432: connect: connection refused)",
  "time": "2025-05-08 20:25:05"
}
{
  "level": "info",
  "message": "application started",
  "time": "2025-05-08 20:25:18"
}
{
  "email": "swanhtetaungp@gmail.com",
  "level": "info",
  "message": "Attempting user registration",
  "time": "2025-05-08 20:25:24"
}
{
  "error": "user already exists",
  "level": "error",
  "message": "Failed to create user in database",
  "time": "2025-05-08 20:25:24"
}
{
  "email": "swanhtetaungp@gmail.com",
  "error": "[ERROR]: The yourapp.com domain is not verified. Please, add and verify your domain on https://resend.com/domains",
  "level": "error",
  "message": "Failed to send verification email",
  "time": "2025-05-08 20:25:25"
}
{
  "level": "info",
  "message": "application started",
  "time": "2025-05-08 20:34:21"
}
{
  "email": "swanhtetaungp@gmail.com",
  "level": "info",
  "message": "attempting user registration",
  "time": "2025-05-08 20:34:25"
}
{
  "email": "swanhtetaungp@gmail.com",
  "level": "info",
  "message": "user created successfully",
  "time": "2025-05-08 20:34:25",
  "user_id": "d420433e-eeb7-4024-b8a5-8252ad43b9d3"
}
{
  "email": "swanhtetaungp@gmail.com",
  "error": "[ERROR]: The yourapp.com domain is not verified. Please, add and verify your domain on https://resend.com/domains",
  "level": "error",
  "message": "Failed to send verification email",
  "time": "2025-05-08 20:34:26"
}
{
  "level": "info",
  "message": "application started",
  "time": "2025-05-08 20:35:42"
}
{
  "level": "info",
  "message": "application started",
  "time": "2025-05-08 20:38:28"
}
{
  "email": "swanhtetaungp@gmail.com",
  "level": "info",
  "message": "attempting user registration",
  "time": "2025-05-08 20:38:45"
}
{
  "email": "swanhtetaungp@gmail.com",
  "level": "info",
  "message": "user created successfully",
  "time": "2025-05-08 20:38:45",
  "user_id": "3987b13d-3c7e-4766-8948-c1ee3558c682"
}
{
  "email": "swanhtetaungp@gmail.com",
  "level": "info",
  "message": "Verification email sent successfully",
  "time": "2025-05-08 20:38:46"
}
{
  "email": "swanhtetaungp@gmail.com",
  "level": "info",
  "message": "Attempting user login",
  "time": "2025-05-08 20:39:13"
}
{
  "email": "swanhtetaungp@gmail.com",
  "level": "info",
  "message": "User logged in successfully",
  "time": "2025-05-08 20:39:13",
  "user_id": "3987b13d-3c7e-4766-8948-c1ee3558c682"
}
{
  "email": "john.doe@example.com",
  "level": "info",
  "message": "Attempting email verification",
  "time": "2025-05-08 20:39:39"
}
{
  "error": "redis: nil",
  "level": "warning",
  "message": "Verification failed - token not found",
  "time": "2025-05-08 20:39:39"
}
{
  "level": "info",
  "message": "application started",
  "time": "2025-05-08 20:40:02"
}
{
  "email": "swanhtetaungp@gmail.com",
  "level": "info",
  "message": "Attempting user login",
  "time": "2025-05-08 20:40:07"
}
{
  "email": "swanhtetaungp@gmail.com",
  "level": "info",
  "message": "User logged in successfully",
  "time": "2025-05-08 20:40:07",
  "user_id": "3987b13d-3c7e-4766-8948-c1ee3558c682"
}
{
  "level": "info",
  "message": "application started",
  "time": "2025-05-08 20:41:06"
}
{
  "level": "info",
  "message": "application started",
  "time": "2025-05-08 20:43:12"
}
{
  "level": "info",
  "message": "application started",
  "time": "2025-05-08 20:43:34"
}
{
  "level": "info",
  "message": "application started",
  "time": "2025-05-08 20:43:51"
}
{
  "email": "swanhtetaungp@gmail.com",
  "level": "info",
  "message": "attempting user registration",
  "time": "2025-05-08 20:44:06"
}
{
  "email": "swanhtetaungp@gmail.com",
  "level": "info",
  "message": "user created successfully",
  "time": "2025-05-08 20:44:06",
  "user_id": "089f38a9-97a0-4b35-a8fd-d9d6c7d575ac"
}
{
  "email": "swanhtetaungp@gmail.com",
  "level": "info",
  "message": "Verification email sent successfully",
  "time": "2025-05-08 20:44:09"
}
{
  "email": "swanhtetaungp@gmail.com",
  "level": "info",
  "message": "attempting email verification",
  "time": "2025-05-08 20:44:36"
}
{
  "email": "swanhtetaungp@gmail.com",
  "level": "info",
  "message": "email verified successfully",
  "time": "2025-05-08 20:44:36"
}
{
  "email": "swanhtetaungp@gmail.com",
  "level": "info",
  "message": "Attempting user login",
  "time": "2025-05-08 20:44:39"
}
{
  "email": "swanhtetaungp@gmail.com",
  "level": "info",
  "message": "User logged in successfully",
  "time": "2025-05-08 20:44:39",
  "user_id": "089f38a9-97a0-4b35-a8fd-d9d6c7d575ac"
}
{
  "level": "info",
  "message": "application started",
  "time": "2025-05-08 20:47:20"
}
{
  "email": "swanhtetaungp@gmail.com",
  "level": "info",
  "message": "attempting user registration",
  "time": "2025-05-08 20:47:23"
}
{
  "email": "swanhtetaungp@gmail.com",
  "level": "info",
  "message": "user created successfully",
  "time": "2025-05-08 20:47:23",
  "user_id": "ea12267b-91c3-4df9-8b25-36daaba36c67"
}
{
  "email": "swanhtetaungp@gmail.com",
  "level": "info",
  "message": "Verification email sent successfully",
  "time": "2025-05-08 20:47:24"
}
{
  "email": "swanhtetaungp@gmail.com",
  "level": "info",
  "message": "Attempting user login",
  "time": "2025-05-08 20:47:27"
}
{
  "email": "swanhtetaungp@gmail.com",
  "level": "info",
  "message": "User logged in successfully",
  "time": "2025-05-08 20:47:27",
  "user_id": "ea12267b-91c3-4df9-8b25-36daaba36c67"
}
{
  "level": "info",
  "message": "application started",
  "time": "2025-05-08 20:51:12"
}
{
  "level": "info",
  "message": "application started",
  "time": "2025-05-08 20:51:22"
}
{
  "email": "swanhtetaungp@gmail.com",
  "level": "info",
  "message": "attempting user registration",
  "time": "2025-05-08 20:51:31"
}
{
  "email": "swanhtetaungp@gmail.com",
  "level": "info",
  "message": "user created successfully",
  "time": "2025-05-08 20:51:31",
  "user_id": "1cd3666e-976b-4e3d-b143-dc6a4054b9d6"
}
{
  "email": "swanhtetaungp@gmail.com",
  "level": "info",
  "message": "Verification email sent successfully",
  "time": "2025-05-08 20:51:32"
}
{
  "email": "swanhtetaungp@gmail.com",
  "level": "info",
  "message": "Attempting user login",
  "time": "2025-05-08 20:51:36"
}
{
  "email": "swanhtetaungp@gmail.com",
  "level": "info",
  "message": "User logged in successfully",
  "time": "2025-05-08 20:51:36",
  "user_id": "1cd3666e-976b-4e3d-b143-dc6a4054b9d6"
}
{
  "level": "info",
  "message": "application started",
  "time": "2025-05-08 20:52:43"
}
{
  "email": "swanhtetaungp@gmail.com",
  "level": "info",
  "message": "Attempting user login",
  "time": "2025-05-08 20:52:51"
}
{
  "email": "swanhtetaungp@gmail.com",
  "level": "info",
  "message": "User logged in successfully",
  "time": "2025-05-08 20:52:51",
  "user_id": "1cd3666e-976b-4e3d-b143-dc6a4054b9d6"
}
{
  "level": "info",
  "message": "application started",
  "time": "2025-05-08 20:53:47"
}
{
  "level": "info",
  "message": "application started",
  "time": "2025-05-08 21:02:51"
}
{
  "level": "info",
  "message": "application started",
  "time": "2025-05-08 21:04:25"
}
{
  "email": "swanhtetaungp@gmail.com",
  "level": "info",
  "message": "Attempting user login",
  "time": "2025-05-08 21:04:41"
}
{
  "email": "swanhtetaungp@gmail.com",
  "level": "info",
  "message": "User logged in successfully",
  "time": "2025-05-08 21:04:41",
  "user_id": "1cd3666e-976b-4e3d-b143-dc6a4054b9d6"
}
{
  "email": "1cd3666e-976b-4e3d-b143-dc6a4054b9d6",
  "level": "info",
  "message": "Processing user logout",
  "time": "2025-05-08 21:05:18"
}
{
  "level": "info",
  "message": "application started",
  "time": "2025-05-08 21:07:09"
}
{
  "email": "swanhtetaungp@gmail.com",
  "level": "info",
  "message": "attempting user registration",
  "time": "2025-05-08 21:07:23"
}
{
  "email": "swanhtetaungp@gmail.com",
  "level": "info",
  "message": "Attempting user login",
  "time": "2025-05-08 21:07:28"
}
{
  "email": "swanhtetaungp@gmail.com",
  "level": "info",
  "message": "User logged in successfully",
  "time": "2025-05-08 21:07:28",
  "user_id": "1cd3666e-976b-4e3d-b143-dc6a4054b9d6"
}
{
  "level": "info",
  "message": "application started",
  "time": "2025-05-08 21:22:36"
}
{
  "email": "swanhtetaungp@gmail.com",
  "level": "info",
  "message": "Attempting user login",
  "time": "2025-05-08 21:22:44"
}
{
  "email": "swanhtetaungp@gmail.com",
  "level": "info",
  "message": "User logged in successfully",
  "time": "2025-05-08 21:22:44",
  "user_id": "1cd3666e-976b-4e3d-b143-dc6a4054b9d6"
}
{
  "email": "1cd3666e-976b-4e3d-b143-dc6a4054b9d6",
  "level": "info",
  "message": "Processing user logout",
  "time": "2025-05-08 21:22:58"
}
{
  "level": "info",
  "message": "application started",
  "time": "2025-05-08 21:24:01"
}
{
  "email": "swanhtetaungp@gmail.com",
  "level": "info",
  "message": "Attempting user login",
  "time": "2025-05-08 21:24:28"
}
{
  "email": "swanhtetaungp@gmail.com",
  "level": "info",
  "message": "User logged in successfully",
  "time": "2025-05-08 21:24:28",
  "user_id": "1cd3666e-976b-4e3d-b143-dc6a4054b9d6"
}
{
  "level": "info",
  "message": "tokens blacklisted successfully",
  "time": "2025-05-08 21:24:53",
  "user_id": "1cd3666e-976b-4e3d-b143-dc6a4054b9d6"
}
{
  "level": "info",
  "message": "token refreshed successfully",
  "time": "2025-05-08 21:24:53",
  "user_id": "1cd3666e-976b-4e3d-b143-dc6a4054b9d6"
}
{
  "email": "1cd3666e-976b-4e3d-b143-dc6a4054b9d6",
  "level": "info",
  "message": "Processing user logout",
  "time": "2025-05-08 21:25:00"
}
{
  "level": "info",
  "message": "application started",
  "time": "2025-05-08 21:28:26"
}
{
  "email": "swanhtetaungp@gmail.com",
  "level": "info",
  "message": "Attempting user login",
  "time": "2025-05-08 21:28:35"
}
{
  "email": "swanhtetaungp@gmail.com",
  "level": "info",
  "message": "User logged in successfully",
  "time": "2025-05-08 21:28:35",
  "user_id": "1cd3666e-976b-4e3d-b143-dc6a4054b9d6"
}
{
  "level": "info",
  "message": "user logged out successfully",
  "time": "2025-05-08 21:28:53",
  "user_id": "1cd3666e-976b-4e3d-b143-dc6a4054b9d6"
}
{
  "level": "info",
  "message": "application started",
  "time": "2025-05-08 21:39:43"
}
{
  "email": "swanhtetaungp@gmail.com",
  "level": "info",
  "message": "attempting user registration",
  "time": "2025-05-08 21:39:48"
}
{
  "email": "swanhtetaungp@gmail.com",
  "level": "info",
  "message": "user created successfully",
  "time": "2025-05-08 21:39:48",
  "user_id": "a951f876-0fac-47fd-9428-ac3d2a02b793"
}
{
  "email": "swanhtetaungp@gmail.com",
  "level": "info",
  "message": "Verification email sent successfully",
  "time": "2025-05-08 21:39:50"
}
{
  "email": "swanhtetaungp@gmail.com",
  "level": "info",
  "message": "Attempting user login",
  "time": "2025-05-08 21:39:53"
}
{
  "email": "swanhtetaungp@gmail.com",
  "level": "info",
  "message": "attempting email verification",
  "time": "2025-05-08 21:40:10"
}
{
  "email": "swanhtetaungp@gmail.com",
  "level": "info",
  "message": "email verified successfully",
  "time": "2025-05-08 21:40:10"
}
{
  "email": "swanhtetaungp@gmail.com",
  "level": "info",
  "message": "Attempting user login",
  "time": "2025-05-08 21:40:12"
}
{
  "email": "swanhtetaungp@gmail.com",
  "level": "info",
  "message": "User logged in successfully",
  "time": "2025-05-08 21:40:12",
  "user_id": "a951f876-0fac-47fd-9428-ac3d2a02b793"
}
{
  "level": "info",
  "message": "application started",
  "time": "2025-05-09 12:26:33"
}
{
  "email": "swanhtetaungp@gmail.com",
  "level": "info",
  "message": "attempting user registration",
  "time": "2025-05-09 12:26:37"
}
{
  "email": "swanhtetaungp@gmail.com",
  "level": "info",
  "message": "Attempting user login",
  "time": "2025-05-09 12:26:43"
}
{
  "email": "swanhtetaungp@gmail.com",
  "level": "info",
  "message": "User logged in successfully",
  "time": "2025-05-09 12:26:43",
  "user_id": "a951f876-0fac-47fd-9428-ac3d2a02b793"
}
{
  "level": "info",
  "message": "user logged out successfully",
  "time": "2025-05-09 12:28:18",
  "user_id": "a951f876-0fac-47fd-9428-ac3d2a02b793"
}
{
  "email": "swanhtetaungp@gmail.com",
  "level": "info",
  "message": "Attempting user login",
  "time": "2025-05-09 12:28:46"
}
{
  "email": "swanhtetaungp@gmail.com",
  "level": "info",
  "message": "User logged in successfully",
  "time": "2025-05-09 12:28:46",
  "user_id": "a951f876-0fac-47fd-9428-ac3d2a02b793"
}
{
  "level": "info",
  "message": "token refreshed successfully",
  "time": "2025-05-09 12:29:02",
  "user_id": "a951f876-0fac-47fd-9428-ac3d2a02b793"
}
